<?xml version="1.0" encoding="UTF-8"?>
<!-- Generated by org.testng.reporters.JUnitReportReporter -->
<testsuite skipped="0" hostname="Natalias-MBP.home" name="HRMSystemTestNG.AdminPage" tests="2" failures="0" timestamp="2020-01-14T20:57:44 EST" time="0.574" errors="0">
  <testcase name="dashboard" time="0.034" classname="HRMSystemTestNG.AdminPage"/>
  <testcase name="quickLaunch" time="0.540" classname="HRMSystemTestNG.AdminPage"/>
</testsuite> <!-- HRMSystemTestNG.AdminPage -->
