<?xml version="1.0" encoding="UTF-8"?>
<!-- Generated by org.testng.reporters.JUnitReportReporter -->
<testsuite skipped="1" hostname="Natalias-MBP.home" name="HRMSystemTestNG.Dashboard" tests="4" failures="0" timestamp="2020-01-15T02:30:00 EST" time="1.243" errors="0">
  <testcase name="dashboard" time="0.034" classname="HRMSystemTestNG.Dashboard"/>
  <testcase name="quickLaunch" time="1.007" classname="HRMSystemTestNG.Dashboard"/>
  <testcase name="employeeDistribution" time="0.202" classname="HRMSystemTestNG.Dashboard"/>
  <testcase name="navigationLinks" classname="HRMSystemTestNG.Dashboard">
    <skipped/>
  </testcase> <!-- navigationLinks -->
</testsuite> <!-- HRMSystemTestNG.Dashboard -->
