<?xml version="1.0" encoding="UTF-8"?>
<!-- Generated by org.testng.reporters.JUnitReportReporter -->
<testsuite skipped="0" hostname="Natalias-MBP.home" name="com.class1.TestNGDemo" tests="2" failures="0" timestamp="2020-01-11T13:57:35 EST" time="0.011" errors="0">
  <testcase name="testOne" time="0.010" classname="com.class1.TestNGDemo"/>
  <testcase name="testTwo" time="0.001" classname="com.class1.TestNGDemo"/>
</testsuite> <!-- com.class1.TestNGDemo -->
