<?xml version="1.0" encoding="UTF-8"?>
<!-- Generated by org.testng.reporters.JUnitReportReporter -->
<testsuite skipped="0" hostname="Natalias-MBP.home" name="com.class4.ListenersDemo" tests="3" failures="0" timestamp="2020-01-16T21:29:45 EST" time="0.014" errors="0">
  <testcase name="test2" time="0.001" classname="com.class4.ListenersDemo"/>
  <testcase name="test1" time="0.012" classname="com.class4.ListenersDemo"/>
  <testcase name="test3" time="0.001" classname="com.class4.ListenersDemo"/>
</testsuite> <!-- com.class4.ListenersDemo -->
