<?xml version="1.0" encoding="UTF-8"?>
<!-- Generated by org.testng.reporters.JUnitReportReporter -->
<testsuite skipped="0" hostname="Natalias-MBP.home" name="com.class1.Task" tests="3" failures="0" timestamp="2020-01-11T14:12:13 EST" time="0.010" errors="0">
  <testcase name="testMult" time="0.001" classname="com.class1.Task"/>
  <testcase name="testAddition" time="0.008" classname="com.class1.Task"/>
  <testcase name="testDivision" time="0.001" classname="com.class1.Task"/>
</testsuite> <!-- com.class1.Task -->
