<?xml version="1.0" encoding="UTF-8"?>
<!-- Generated by org.testng.reporters.JUnitReportReporter -->
<testsuite skipped="0" hostname="Natalias-MBP.home" name="com.class1.Task1" tests="2" failures="0" timestamp="2020-01-11T14:32:24 EST" time="0.009" errors="0">
  <testcase name="firstTest" time="0.006" classname="com.class1.Task1"/>
  <testcase name="secondTest" time="0.003" classname="com.class1.Task1"/>
</testsuite> <!-- com.class1.Task1 -->
