<?xml version="1.0" encoding="UTF-8"?>
<!-- Generated by org.testng.reporters.JUnitReportReporter -->
<testsuite skipped="0" hostname="Natalias-MBP.home" name="com.class1.HW1" tests="2" failures="0" timestamp="2020-01-12T01:05:44 EST" time="10.978" errors="0">
  <testcase name="verifyLoginAndLogo" time="6.790" classname="com.class1.HW1"/>
  <testcase name="verifyLoginAndMsg" time="4.188" classname="com.class1.HW1"/>
</testsuite> <!-- com.class1.HW1 -->
