<?xml version="1.0" encoding="UTF-8"?>
<!-- Generated by org.testng.reporters.JUnitReportReporter -->
<testsuite skipped="0" hostname="Natalias-MBP.home" name="HRMSystemTestNG.Dashboard" tests="3" failures="0" timestamp="2020-01-15T01:27:17 EST" time="0.846" errors="0">
  <testcase name="dashboard" time="0.037" classname="HRMSystemTestNG.Dashboard"/>
  <testcase name="quickLaunch" time="0.614" classname="HRMSystemTestNG.Dashboard"/>
  <testcase name="employeeDistribution" time="0.195" classname="HRMSystemTestNG.Dashboard"/>
</testsuite> <!-- HRMSystemTestNG.Dashboard -->
