<?xml version="1.0" encoding="UTF-8"?>
<!-- Generated by org.testng.reporters.JUnitReportReporter -->
<testsuite skipped="0" hostname="Natalias-MBP.home" name="com.class4.ListenersDemo" tests="2" failures="0" timestamp="2020-01-17T01:49:23 EST" time="0.014" errors="0">
  <testcase name="test3" time="0.003" classname="com.class4.ListenersDemo"/>
  <testcase name="test2" time="0.011" classname="com.class4.ListenersDemo"/>
</testsuite> <!-- com.class4.ListenersDemo -->
