<?xml version="1.0" encoding="UTF-8"?>
<!-- Generated by org.testng.reporters.JUnitReportReporter -->
<testsuite skipped="0" hostname="Natalias-MBP.home" name="com.class2.Task2" tests="1" failures="0" timestamp="2020-01-12T13:24:27 EST" time="20.026" errors="0">
  <testcase name="login" time="20.026" classname="com.class2.Task2"/>
</testsuite> <!-- com.class2.Task2 -->
