<?xml version="1.0" encoding="UTF-8"?>
<!-- Generated by org.testng.reporters.JUnitReportReporter -->
<testsuite skipped="0" hostname="Natalias-MBP.home" name="com.class1.TitleLogoLoginVerification" tests="3" failures="0" timestamp="2020-01-11T15:04:35 EST" time="11.110" errors="0">
  <testcase name="titleValidation" time="2.600" classname="com.class1.TitleLogoLoginVerification"/>
  <testcase name="logoValidation" time="3.149" classname="com.class1.TitleLogoLoginVerification"/>
  <testcase name="loginValidation" time="5.361" classname="com.class1.TitleLogoLoginVerification"/>
</testsuite> <!-- com.class1.TitleLogoLoginVerification -->
