<?xml version="1.0" encoding="UTF-8"?>
<!-- Generated by org.testng.reporters.JUnitReportReporter -->
<testsuite skipped="0" hostname="Natalias-MBP.home" name="com.class1.DifferentAnnotattions" tests="1" failures="0" timestamp="2020-01-11T14:21:51 EST" time="0.006" errors="0">
  <testcase name="test" time="0.006" classname="com.class1.DifferentAnnotattions"/>
</testsuite> <!-- com.class1.DifferentAnnotattions -->
