<?xml version="1.0" encoding="UTF-8"?>
<!-- Generated by org.testng.reporters.JUnitReportReporter -->
<testsuite skipped="1" hostname="Natalias-MBP.home" name="com.class2.HW" tests="2" failures="0" timestamp="2020-01-12T11:30:38 EST" time="4.040" errors="0">
  <testcase name="validationOfMessage" time="4.040" classname="com.class2.HW"/>
  <testcase name="validationOfLogo" classname="com.class2.HW">
    <skipped/>
  </testcase> <!-- validationOfLogo -->
</testsuite> <!-- com.class2.HW -->
