<?xml version="1.0" encoding="UTF-8"?>
<!-- Generated by org.testng.reporters.JUnitReportReporter -->
<testsuite skipped="0" hostname="Natalias-MBP.home" name="HRMSystemTestNG.AddFiveEmployee" tests="5" failures="0" timestamp="2020-01-15T15:57:18 EST" time="84.946" errors="0">
  <testcase name="addEmployee" time="14.968" classname="HRMSystemTestNG.AddFiveEmployee"/>
  <testcase name="addEmployee" time="18.205" classname="HRMSystemTestNG.AddFiveEmployee"/>
  <testcase name="addEmployee" time="16.424" classname="HRMSystemTestNG.AddFiveEmployee"/>
  <testcase name="addEmployee" time="19.364" classname="HRMSystemTestNG.AddFiveEmployee"/>
  <testcase name="addEmployee" time="15.985" classname="HRMSystemTestNG.AddFiveEmployee"/>
</testsuite> <!-- HRMSystemTestNG.AddFiveEmployee -->
